<?xml version="1.0" encoding="UTF-8"?>
<!-- Generated by org.testng.reporters.JUnitXMLReporter -->
<testsuite ignored="0" hostname="DESKTOP-RTJ0247" failures="1" tests="7" name="Test" time="125.412" errors="0" timestamp="2024-12-16T12:42:58 IST">
  <testcase classname="com.jala.qa.testlayer.employeeTestPage" name="employeeTestPage" time="1.872"/>
  <testcase classname="com.jala.qa.testlayer.employeeTestPage" name="employeeTestPage" time="1.73"/>
  <testcase classname="com.jala.qa.testlayer.employeeTestPage" name="employeeTestPage" time="1.93"/>
  <testcase classname="com.jala.qa.testlayer.employeeTestPage" name="employeeTestPage" time="1.917"/>
  <testcase classname="com.jala.qa.testlayer.employeeTestPage" name="employeeTestPage" time="1.764"/>
  <testcase classname="com.jala.qa.testlayer.homepagetest" name="validateHomePage" time="0.631"/>
  <testcase classname="com.jala.qa.testlayer.loginPageTest" name="validateLoginPage" time="6.457">
    <failure type="java.lang.AssertionError" message="TC failed expected [https://magnus.jalatechnologies.com/Home/Index123] but found [https://magnus.jalatechnologies.com/Home/Index]">
      <![CDATA[java.lang.AssertionError: TC failed expected [https://magnus.jalatechnologies.com/Home/Index123] but found [https://magnus.jalatechnologies.com/Home/Index]
at com.jala.qa.testlayer.loginPageTest.validateLoginPage(loginPageTest.java:34)
at java.base/java.util.ArrayList.forEach(ArrayList.java:1597)
... Removed 30 stack frames]]>
    </failure>
  </testcase> <!-- validateLoginPage -->
</testsuite> <!-- Test -->
